
******  UTF-8 to UTF-32 Conversion  ******

for file: 'english_wiki.txt'
UTF-8 to UTF-32 took 7126 msec (360275/358131 units/points) (2980 reps) (iconv)
UTF-8 to UTF-32 took 6516 msec (360275/358131 units/points) (2980 reps) (llvm)
UTF-8 to UTF-32 took 7122 msec (360275/358131 units/points) (2980 reps) (av)
UTF-8 to UTF-32 took 8892 msec (360275/358131 units/points) (2980 reps) (std::codecvt)
UTF-8 to UTF-32 took 2276 msec (360275/358131 units/points) (2980 reps) (Boost.Text)
UTF-8 to UTF-32 took 1947 msec (360275/358131 units/points) (2980 reps) (hoehrmann)
UTF-8 to UTF-32 took 1293 msec (360275/358131 units/points) (2980 reps) (kewb-basic)
UTF-8 to UTF-32 took  989 msec (360275/358131 units/points) (2980 reps) (kewb-fast)
UTF-8 to UTF-32 took  356 msec (360275/358131 units/points) (2980 reps) (kewb-sse)

for file: 'chinese_wiki.txt'
UTF-8 to UTF-32 took 6354 msec (192042/151759 units/points) (5591 reps) (iconv)
UTF-8 to UTF-32 took 5742 msec (192042/151759 units/points) (5591 reps) (llvm)
UTF-8 to UTF-32 took 6248 msec (192042/151759 units/points) (5591 reps) (av)
UTF-8 to UTF-32 took 6630 msec (192042/151759 units/points) (5591 reps) (std::codecvt)
UTF-8 to UTF-32 took 4478 msec (192042/151759 units/points) (5591 reps) (Boost.Text)
UTF-8 to UTF-32 took 2249 msec (192042/151759 units/points) (5591 reps) (hoehrmann)
UTF-8 to UTF-32 took 1636 msec (192042/151759 units/points) (5591 reps) (kewb-basic)
UTF-8 to UTF-32 took 1447 msec (192042/151759 units/points) (5591 reps) (kewb-fast)
UTF-8 to UTF-32 took  878 msec (192042/151759 units/points) (5591 reps) (kewb-sse)

for file: 'hindi_wiki.txt'
UTF-8 to UTF-32 took 6130 msec (156575/112386 units/points) (6857 reps) (iconv)
UTF-8 to UTF-32 took 5488 msec (156575/112386 units/points) (6857 reps) (llvm)
UTF-8 to UTF-32 took 6030 msec (156575/112386 units/points) (6857 reps) (av)
UTF-8 to UTF-32 took 6291 msec (156575/112386 units/points) (6857 reps) (std::codecvt)
UTF-8 to UTF-32 took 5080 msec (156575/112386 units/points) (6857 reps) (Boost.Text)
UTF-8 to UTF-32 took 2456 msec (156575/112386 units/points) (6857 reps) (hoehrmann)
UTF-8 to UTF-32 took 1866 msec (156575/112386 units/points) (6857 reps) (kewb-basic)
UTF-8 to UTF-32 took 1708 msec (156575/112386 units/points) (6857 reps) (kewb-fast)
UTF-8 to UTF-32 took 1241 msec (156575/112386 units/points) (6857 reps) (kewb-sse)

for file: 'japanese_wiki.txt'
UTF-8 to UTF-32 took 5534 msec (454575/291145 units/points) (2362 reps) (iconv)
UTF-8 to UTF-32 took 4959 msec (454575/291145 units/points) (2362 reps) (llvm)
UTF-8 to UTF-32 took 5427 msec (454575/291145 units/points) (2362 reps) (av)
UTF-8 to UTF-32 took 5996 msec (454575/291145 units/points) (2362 reps) (std::codecvt)
UTF-8 to UTF-32 took 5803 msec (454575/291145 units/points) (2362 reps) (Boost.Text)
UTF-8 to UTF-32 took 2234 msec (454575/291145 units/points) (2362 reps) (hoehrmann)
UTF-8 to UTF-32 took 1704 msec (454575/291145 units/points) (2362 reps) (kewb-basic)
UTF-8 to UTF-32 took 1585 msec (454575/291145 units/points) (2362 reps) (kewb-fast)
UTF-8 to UTF-32 took 1191 msec (454575/291145 units/points) (2362 reps) (kewb-sse)

for file: 'korean_wiki.txt'
UTF-8 to UTF-32 took 6635 msec (124492/101142 units/points) (8624 reps) (iconv)
UTF-8 to UTF-32 took 6180 msec (124492/101142 units/points) (8624 reps) (llvm)
UTF-8 to UTF-32 took 6545 msec (124492/101142 units/points) (8624 reps) (av)
UTF-8 to UTF-32 took 6952 msec (124492/101142 units/points) (8624 reps) (std::codecvt)
UTF-8 to UTF-32 took 4537 msec (124492/101142 units/points) (8624 reps) (Boost.Text)
UTF-8 to UTF-32 took 2419 msec (124492/101142 units/points) (8624 reps) (hoehrmann)
UTF-8 to UTF-32 took 1828 msec (124492/101142 units/points) (8624 reps) (kewb-basic)
UTF-8 to UTF-32 took 1597 msec (124492/101142 units/points) (8624 reps) (kewb-fast)
UTF-8 to UTF-32 took 1035 msec (124492/101142 units/points) (8624 reps) (kewb-sse)

for file: 'portuguese_wiki.txt'
UTF-8 to UTF-32 took 7173 msec (180277/176499 units/points) (5956 reps) (iconv)
UTF-8 to UTF-32 took 6585 msec (180277/176499 units/points) (5956 reps) (llvm)
UTF-8 to UTF-32 took 7144 msec (180277/176499 units/points) (5956 reps) (av)
UTF-8 to UTF-32 took 7034 msec (180277/176499 units/points) (5956 reps) (std::codecvt)
UTF-8 to UTF-32 took 2631 msec (180277/176499 units/points) (5956 reps) (Boost.Text)
UTF-8 to UTF-32 took 2121 msec (180277/176499 units/points) (5956 reps) (hoehrmann)
UTF-8 to UTF-32 took 1466 msec (180277/176499 units/points) (5956 reps) (kewb-basic)
UTF-8 to UTF-32 took 1217 msec (180277/176499 units/points) (5956 reps) (kewb-fast)
UTF-8 to UTF-32 took  452 msec (180277/176499 units/points) (5956 reps) (kewb-sse)

for file: 'russian_wiki.txt'
UTF-8 to UTF-32 took 6708 msec (650206/530393 units/points) (1651 reps) (iconv)
UTF-8 to UTF-32 took 6137 msec (650206/530393 units/points) (1651 reps) (llvm)
UTF-8 to UTF-32 took 6513 msec (650206/530393 units/points) (1651 reps) (av)
UTF-8 to UTF-32 took 8519 msec (650206/530393 units/points) (1651 reps) (std::codecvt)
UTF-8 to UTF-32 took 5796 msec (650206/530393 units/points) (1651 reps) (Boost.Text)
UTF-8 to UTF-32 took 2477 msec (650206/530393 units/points) (1651 reps) (hoehrmann)
UTF-8 to UTF-32 took 1811 msec (650206/530393 units/points) (1651 reps) (kewb-basic)
UTF-8 to UTF-32 took 1657 msec (650206/530393 units/points) (1651 reps) (kewb-fast)
UTF-8 to UTF-32 took 1141 msec (650206/530393 units/points) (1651 reps) (kewb-sse)

for file: 'swedish_wiki.txt'
UTF-8 to UTF-32 took 7190 msec (118876/116176 units/points) (9032 reps) (iconv)
UTF-8 to UTF-32 took 6601 msec (118876/116176 units/points) (9032 reps) (llvm)
UTF-8 to UTF-32 took 7156 msec (118876/116176 units/points) (9032 reps) (av)
UTF-8 to UTF-32 took 7110 msec (118876/116176 units/points) (9032 reps) (std::codecvt)
UTF-8 to UTF-32 took 2685 msec (118876/116176 units/points) (9032 reps) (Boost.Text)
UTF-8 to UTF-32 took 2116 msec (118876/116176 units/points) (9032 reps) (hoehrmann)
UTF-8 to UTF-32 took 1497 msec (118876/116176 units/points) (9032 reps) (kewb-basic)
UTF-8 to UTF-32 took 1256 msec (118876/116176 units/points) (9032 reps) (kewb-fast)
UTF-8 to UTF-32 took  489 msec (118876/116176 units/points) (9032 reps) (kewb-sse)

for file: 'stress_test_0.txt'
UTF-8 to UTF-32 took 7127 msec (100000/100000 units/points) (10737 reps) (iconv)
UTF-8 to UTF-32 took 6526 msec (100000/100000 units/points) (10737 reps) (llvm)
UTF-8 to UTF-32 took 7121 msec (100000/100000 units/points) (10737 reps) (av)
UTF-8 to UTF-32 took 7317 msec (100000/100000 units/points) (10737 reps) (std::codecvt)
UTF-8 to UTF-32 took 2170 msec (100000/100000 units/points) (10737 reps) (Boost.Text)
UTF-8 to UTF-32 took 1919 msec (100000/100000 units/points) (10737 reps) (hoehrmann)
UTF-8 to UTF-32 took 1252 msec (100000/100000 units/points) (10737 reps) (kewb-basic)
UTF-8 to UTF-32 took  933 msec (100000/100000 units/points) (10737 reps) (kewb-fast)
UTF-8 to UTF-32 took  341 msec (100000/100000 units/points) (10737 reps) (kewb-sse)

for file: 'stress_test_1.txt'
UTF-8 to UTF-32 took 3623 msec (300000/100000 units/points) (3579 reps) (iconv)
UTF-8 to UTF-32 took 3109 msec (300000/100000 units/points) (3579 reps) (llvm)
UTF-8 to UTF-32 took 3517 msec (300000/100000 units/points) (3579 reps) (av)
UTF-8 to UTF-32 took 3890 msec (300000/100000 units/points) (3579 reps) (std::codecvt)
UTF-8 to UTF-32 took 8344 msec (300000/100000 units/points) (3579 reps) (Boost.Text)
UTF-8 to UTF-32 took 1970 msec (300000/100000 units/points) (3579 reps) (hoehrmann)
UTF-8 to UTF-32 took 1452 msec (300000/100000 units/points) (3579 reps) (kewb-basic)
UTF-8 to UTF-32 took 1554 msec (300000/100000 units/points) (3579 reps) (kewb-fast)
UTF-8 to UTF-32 took 1555 msec (300000/100000 units/points) (3579 reps) (kewb-sse)

for file: 'stress_test_2.txt'
UTF-8 to UTF-32 took 4500 msec (200000/100000 units/points) (5368 reps) (iconv)
UTF-8 to UTF-32 took 3807 msec (200000/100000 units/points) (5368 reps) (llvm)
UTF-8 to UTF-32 took 4418 msec (200000/100000 units/points) (5368 reps) (av)
UTF-8 to UTF-32 took 4679 msec (200000/100000 units/points) (5368 reps) (std::codecvt)
UTF-8 to UTF-32 took 6550 msec (200000/100000 units/points) (5368 reps) (Boost.Text)
UTF-8 to UTF-32 took 1982 msec (200000/100000 units/points) (5368 reps) (hoehrmann)
UTF-8 to UTF-32 took 1402 msec (200000/100000 units/points) (5368 reps) (kewb-basic)
UTF-8 to UTF-32 took 1401 msec (200000/100000 units/points) (5368 reps) (kewb-fast)
UTF-8 to UTF-32 took 2127 msec (200000/100000 units/points) (5368 reps) (kewb-sse)

for file: 'hindi_wiki_in_english.txt'
UTF-8 to UTF-32 took 7123 msec (203337/200687 units/points) (5280 reps) (iconv)
UTF-8 to UTF-32 took 6505 msec (203337/200687 units/points) (5280 reps) (llvm)
UTF-8 to UTF-32 took 7097 msec (203337/200687 units/points) (5280 reps) (av)
UTF-8 to UTF-32 took 6634 msec (203337/200687 units/points) (5280 reps) (std::codecvt)
UTF-8 to UTF-32 took 2363 msec (203337/200687 units/points) (5280 reps) (Boost.Text)
UTF-8 to UTF-32 took 1963 msec (203337/200687 units/points) (5280 reps) (hoehrmann)
UTF-8 to UTF-32 took 1310 msec (203337/200687 units/points) (5280 reps) (kewb-basic)
UTF-8 to UTF-32 took 1004 msec (203337/200687 units/points) (5280 reps) (kewb-fast)
UTF-8 to UTF-32 took  364 msec (203337/200687 units/points) (5280 reps) (kewb-sse)

for file: 'hindi_wiki_in_russian.txt'
UTF-8 to UTF-32 took 6715 msec (118364/96446 units/points) (9071 reps) (iconv)
UTF-8 to UTF-32 took 6131 msec (118364/96446 units/points) (9071 reps) (llvm)
UTF-8 to UTF-32 took 6511 msec (118364/96446 units/points) (9071 reps) (av)
UTF-8 to UTF-32 took 7111 msec (118364/96446 units/points) (9071 reps) (std::codecvt)
UTF-8 to UTF-32 took 5818 msec (118364/96446 units/points) (9071 reps) (Boost.Text)
UTF-8 to UTF-32 took 2457 msec (118364/96446 units/points) (9071 reps) (hoehrmann)
UTF-8 to UTF-32 took 1847 msec (118364/96446 units/points) (9071 reps) (kewb-basic)
UTF-8 to UTF-32 took 1690 msec (118364/96446 units/points) (9071 reps) (kewb-fast)
UTF-8 to UTF-32 took 1158 msec (118364/96446 units/points) (9071 reps) (kewb-sse)

for file: 'kermit.txt'
UTF-8 to UTF-32 took 6842 msec (59870/52946 units/points) (17934 reps) (iconv)
UTF-8 to UTF-32 took 6278 msec (59870/52946 units/points) (17934 reps) (llvm)
UTF-8 to UTF-32 took 6773 msec (59870/52946 units/points) (17934 reps) (av)
UTF-8 to UTF-32 took 6823 msec (59870/52946 units/points) (17934 reps) (std::codecvt)
UTF-8 to UTF-32 took 3866 msec (59870/52946 units/points) (17934 reps) (Boost.Text)
UTF-8 to UTF-32 took 2308 msec (59870/52946 units/points) (17934 reps) (hoehrmann)
UTF-8 to UTF-32 took 1646 msec (59870/52946 units/points) (17934 reps) (kewb-basic)
UTF-8 to UTF-32 took 1408 msec (59870/52946 units/points) (17934 reps) (kewb-fast)
UTF-8 to UTF-32 took  784 msec (59870/52946 units/points) (17934 reps) (kewb-sse)

for file: 'z1_kosme.txt'
UTF-8 to UTF-32 took 7095 msec (53/47 units/points) (20259279 reps) (iconv)
UTF-8 to UTF-32 took 6754 msec (53/47 units/points) (20259279 reps) (llvm)
UTF-8 to UTF-32 took 6889 msec (53/47 units/points) (20259279 reps) (av)
UTF-8 to UTF-32 took 14963 msec (53/47 units/points) (20259279 reps) (std::codecvt)
UTF-8 to UTF-32 took 4314 msec (53/47 units/points) (20259279 reps) (Boost.Text)
UTF-8 to UTF-32 took 2133 msec (53/47 units/points) (20259279 reps) (hoehrmann)
UTF-8 to UTF-32 took 1502 msec (53/47 units/points) (20259279 reps) (kewb-basic)
UTF-8 to UTF-32 took 1320 msec (53/47 units/points) (20259279 reps) (kewb-fast)
UTF-8 to UTF-32 took  561 msec (53/47 units/points) (20259279 reps) (kewb-sse)

for file: 'z1_ascii.txt'
UTF-8 to UTF-32 took 7497 msec (37/37 units/points) (29020049 reps) (iconv)
UTF-8 to UTF-32 took 6751 msec (37/37 units/points) (29020049 reps) (llvm)
UTF-8 to UTF-32 took 7297 msec (37/37 units/points) (29020049 reps) (av)
UTF-8 to UTF-32 took 16081 msec (37/37 units/points) (29020049 reps) (std::codecvt)
UTF-8 to UTF-32 took 2534 msec (37/37 units/points) (29020049 reps) (Boost.Text)
UTF-8 to UTF-32 took 1941 msec (37/37 units/points) (29020049 reps) (hoehrmann)
UTF-8 to UTF-32 took 1606 msec (37/37 units/points) (29020049 reps) (kewb-basic)
UTF-8 to UTF-32 took 1898 msec (37/37 units/points) (29020049 reps) (kewb-fast)
UTF-8 to UTF-32 took  368 msec (37/37 units/points) (29020049 reps) (kewb-sse)

tabular summary:
file\algo, iconv, llvm, av, std::codecvt, Boost.Text, Hoehrmann, kewb-basic, kewb-fast, kewb-sse
english_wiki.txt, 7126, 6516, 7122, 8892, 2276, 1947, 1293, 989, 356
chinese_wiki.txt, 6354, 5742, 6248, 6630, 4478, 2249, 1636, 1447, 878
hindi_wiki.txt, 6130, 5488, 6030, 6291, 5080, 2456, 1866, 1708, 1241
japanese_wiki.txt, 5534, 4959, 5427, 5996, 5803, 2234, 1704, 1585, 1191
korean_wiki.txt, 6635, 6180, 6545, 6952, 4537, 2419, 1828, 1597, 1035
portuguese_wiki.txt, 7173, 6585, 7144, 7034, 2631, 2121, 1466, 1217, 452
russian_wiki.txt, 6708, 6137, 6513, 8519, 5796, 2477, 1811, 1657, 1141
swedish_wiki.txt, 7190, 6601, 7156, 7110, 2685, 2116, 1497, 1256, 489
stress_test_0.txt, 7127, 6526, 7121, 7317, 2170, 1919, 1252, 933, 341
stress_test_1.txt, 3623, 3109, 3517, 3890, 8344, 1970, 1452, 1554, 1555
stress_test_2.txt, 4500, 3807, 4418, 4679, 6550, 1982, 1402, 1401, 2127
hindi_wiki_in_english.txt, 7123, 6505, 7097, 6634, 2363, 1963, 1310, 1004, 364
hindi_wiki_in_russian.txt, 6715, 6131, 6511, 7111, 5818, 2457, 1847, 1690, 1158
kermit.txt, 6842, 6278, 6773, 6823, 3866, 2308, 1646, 1408, 784
z1_kosme.txt, 7095, 6754, 6889, 14963, 4314, 2133, 1502, 1320, 561
z1_ascii.txt, 7497, 6751, 7297, 16081, 2534, 1941, 1606, 1898, 368


******  UTF-8 to UTF-16 Conversion  ******

for file: 'english_wiki.txt'
UTF-8 to UTF-16 took 6833 msec (360275/358137 units/units) (2980 reps) (iconv)
UTF-8 to UTF-16 took 6524 msec (360275/358137 units/units) (2980 reps) (llvm)
UTF-8 to UTF-16 took  555 msec (360275/358137 units/units) (2980 reps) (win32-mbtowc)
UTF-8 to UTF-16 took 10499 msec (360275/358137 units/units) (2980 reps) (std::codecvt)
UTF-8 to UTF-16 took 4009 msec (360275/358137 units/units) (2980 reps) (Boost.Text)
UTF-8 to UTF-16 took 1964 msec (360275/358137 units/units) (2980 reps) (hoehrmann)
UTF-8 to UTF-16 took 1602 msec (360275/358137 units/units) (2980 reps) (kewb-basic)
UTF-8 to UTF-16 took  981 msec (360275/358137 units/units) (2980 reps) (kewb-fast)
UTF-8 to UTF-16 took  227 msec (360275/358137 units/units) (2980 reps) (kewb-sse)

for file: 'chinese_wiki.txt'
UTF-8 to UTF-16 took 6099 msec (192042/151766 units/units) (5591 reps) (iconv)
UTF-8 to UTF-16 took 5828 msec (192042/151766 units/units) (5591 reps) (llvm)
UTF-8 to UTF-16 took 1205 msec (192042/151766 units/units) (5591 reps) (win32-mbtowc)
UTF-8 to UTF-16 took 9252 msec (192042/151766 units/units) (5591 reps) (std::codecvt)
UTF-8 to UTF-16 took 5809 msec (192042/151766 units/units) (5591 reps) (Boost.Text)
UTF-8 to UTF-16 took 2405 msec (192042/151766 units/units) (5591 reps) (hoehrmann)
UTF-8 to UTF-16 took 1904 msec (192042/151766 units/units) (5591 reps) (kewb-basic)
UTF-8 to UTF-16 took 1493 msec (192042/151766 units/units) (5591 reps) (kewb-fast)
UTF-8 to UTF-16 took  886 msec (192042/151766 units/units) (5591 reps) (kewb-sse)

for file: 'hindi_wiki.txt'
UTF-8 to UTF-16 took 5892 msec (156575/112386 units/units) (6857 reps) (iconv)
UTF-8 to UTF-16 took 5587 msec (156575/112386 units/units) (6857 reps) (llvm)
UTF-8 to UTF-16 took 1534 msec (156575/112386 units/units) (6857 reps) (win32-mbtowc)
UTF-8 to UTF-16 took 9360 msec (156575/112386 units/units) (6857 reps) (std::codecvt)
UTF-8 to UTF-16 took 6317 msec (156575/112386 units/units) (6857 reps) (Boost.Text)
UTF-8 to UTF-16 took 2654 msec (156575/112386 units/units) (6857 reps) (hoehrmann)
UTF-8 to UTF-16 took 2055 msec (156575/112386 units/units) (6857 reps) (kewb-basic)
UTF-8 to UTF-16 took 1782 msec (156575/112386 units/units) (6857 reps) (kewb-fast)
UTF-8 to UTF-16 took 1260 msec (156575/112386 units/units) (6857 reps) (kewb-sse)

for file: 'japanese_wiki.txt'
UTF-8 to UTF-16 took 5391 msec (454575/291146 units/units) (2362 reps) (iconv)
UTF-8 to UTF-16 took 5038 msec (454575/291146 units/units) (2362 reps) (llvm)
UTF-8 to UTF-16 took 1411 msec (454575/291146 units/units) (2362 reps) (win32-mbtowc)
UTF-8 to UTF-16 took 8222 msec (454575/291146 units/units) (2362 reps) (std::codecvt)
UTF-8 to UTF-16 took 6900 msec (454575/291146 units/units) (2362 reps) (Boost.Text)
UTF-8 to UTF-16 took 2532 msec (454575/291146 units/units) (2362 reps) (hoehrmann)
UTF-8 to UTF-16 took 1856 msec (454575/291146 units/units) (2362 reps) (kewb-basic)
UTF-8 to UTF-16 took 1657 msec (454575/291146 units/units) (2362 reps) (kewb-fast)
UTF-8 to UTF-16 took 1230 msec (454575/291146 units/units) (2362 reps) (kewb-sse)

for file: 'korean_wiki.txt'
UTF-8 to UTF-16 took 6400 msec (124492/101142 units/units) (8624 reps) (iconv)
UTF-8 to UTF-16 took 6228 msec (124492/101142 units/units) (8624 reps) (llvm)
UTF-8 to UTF-16 took 1440 msec (124492/101142 units/units) (8624 reps) (win32-mbtowc)
UTF-8 to UTF-16 took 9648 msec (124492/101142 units/units) (8624 reps) (std::codecvt)
UTF-8 to UTF-16 took 5892 msec (124492/101142 units/units) (8624 reps) (Boost.Text)
UTF-8 to UTF-16 took 2675 msec (124492/101142 units/units) (8624 reps) (hoehrmann)
UTF-8 to UTF-16 took 2069 msec (124492/101142 units/units) (8624 reps) (kewb-basic)
UTF-8 to UTF-16 took 1615 msec (124492/101142 units/units) (8624 reps) (kewb-fast)
UTF-8 to UTF-16 took 1031 msec (124492/101142 units/units) (8624 reps) (kewb-sse)

for file: 'portuguese_wiki.txt'
UTF-8 to UTF-16 took 6906 msec (180277/176500 units/units) (5956 reps) (iconv)
UTF-8 to UTF-16 took 6594 msec (180277/176500 units/units) (5956 reps) (llvm)
UTF-8 to UTF-16 took  880 msec (180277/176500 units/units) (5956 reps) (win32-mbtowc)
UTF-8 to UTF-16 took 11281 msec (180277/176500 units/units) (5956 reps) (std::codecvt)
UTF-8 to UTF-16 took 4271 msec (180277/176500 units/units) (5956 reps) (Boost.Text)
UTF-8 to UTF-16 took 2183 msec (180277/176500 units/units) (5956 reps) (hoehrmann)
UTF-8 to UTF-16 took 1792 msec (180277/176500 units/units) (5956 reps) (kewb-basic)
UTF-8 to UTF-16 took 1164 msec (180277/176500 units/units) (5956 reps) (kewb-fast)
UTF-8 to UTF-16 took  404 msec (180277/176500 units/units) (5956 reps) (kewb-sse)

for file: 'russian_wiki.txt'
UTF-8 to UTF-16 took 6385 msec (650206/530393 units/units) (1651 reps) (iconv)
UTF-8 to UTF-16 took 6157 msec (650206/530393 units/units) (1651 reps) (llvm)
UTF-8 to UTF-16 took 1344 msec (650206/530393 units/units) (1651 reps) (win32-mbtowc)
UTF-8 to UTF-16 took 9880 msec (650206/530393 units/units) (1651 reps) (std::codecvt)
UTF-8 to UTF-16 took 7165 msec (650206/530393 units/units) (1651 reps) (Boost.Text)
UTF-8 to UTF-16 took 2624 msec (650206/530393 units/units) (1651 reps) (hoehrmann)
UTF-8 to UTF-16 took 2113 msec (650206/530393 units/units) (1651 reps) (kewb-basic)
UTF-8 to UTF-16 took 1708 msec (650206/530393 units/units) (1651 reps) (kewb-fast)
UTF-8 to UTF-16 took 1203 msec (650206/530393 units/units) (1651 reps) (kewb-sse)

for file: 'swedish_wiki.txt'
UTF-8 to UTF-16 took 6943 msec (118876/116176 units/units) (9032 reps) (iconv)
UTF-8 to UTF-16 took 6608 msec (118876/116176 units/units) (9032 reps) (llvm)
UTF-8 to UTF-16 took  901 msec (118876/116176 units/units) (9032 reps) (win32-mbtowc)
UTF-8 to UTF-16 took 11232 msec (118876/116176 units/units) (9032 reps) (std::codecvt)
UTF-8 to UTF-16 took 4299 msec (118876/116176 units/units) (9032 reps) (Boost.Text)
UTF-8 to UTF-16 took 2225 msec (118876/116176 units/units) (9032 reps) (hoehrmann)
UTF-8 to UTF-16 took 1825 msec (118876/116176 units/units) (9032 reps) (kewb-basic)
UTF-8 to UTF-16 took 1194 msec (118876/116176 units/units) (9032 reps) (kewb-fast)
UTF-8 to UTF-16 took  450 msec (118876/116176 units/units) (9032 reps) (kewb-sse)

for file: 'stress_test_0.txt'
UTF-8 to UTF-16 took 6813 msec (100000/100000 units/units) (10737 reps) (iconv)
UTF-8 to UTF-16 took 6504 msec (100000/100000 units/units) (10737 reps) (llvm)
UTF-8 to UTF-16 took  469 msec (100000/100000 units/units) (10737 reps) (win32-mbtowc)
UTF-8 to UTF-16 took 10642 msec (100000/100000 units/units) (10737 reps) (std::codecvt)
UTF-8 to UTF-16 took 3978 msec (100000/100000 units/units) (10737 reps) (Boost.Text)
UTF-8 to UTF-16 took 2058 msec (100000/100000 units/units) (10737 reps) (hoehrmann)
UTF-8 to UTF-16 took 1571 msec (100000/100000 units/units) (10737 reps) (kewb-basic)
UTF-8 to UTF-16 took  931 msec (100000/100000 units/units) (10737 reps) (kewb-fast)
UTF-8 to UTF-16 took  141 msec (100000/100000 units/units) (10737 reps) (kewb-sse)

for file: 'stress_test_1.txt'
UTF-8 to UTF-16 took 3526 msec (300000/100000 units/units) (3579 reps) (iconv)
UTF-8 to UTF-16 took 3222 msec (300000/100000 units/units) (3579 reps) (llvm)
UTF-8 to UTF-16 took 1452 msec (300000/100000 units/units) (3579 reps) (win32-mbtowc)
UTF-8 to UTF-16 took 5042 msec (300000/100000 units/units) (3579 reps) (std::codecvt)
UTF-8 to UTF-16 took 8804 msec (300000/100000 units/units) (3579 reps) (Boost.Text)
UTF-8 to UTF-16 took 2480 msec (300000/100000 units/units) (3579 reps) (hoehrmann)
UTF-8 to UTF-16 took 1451 msec (300000/100000 units/units) (3579 reps) (kewb-basic)
UTF-8 to UTF-16 took 1760 msec (300000/100000 units/units) (3579 reps) (kewb-fast)
UTF-8 to UTF-16 took 1657 msec (300000/100000 units/units) (3579 reps) (kewb-sse)

for file: 'stress_test_2.txt'
UTF-8 to UTF-16 took 4271 msec (200000/100000 units/units) (5368 reps) (iconv)
UTF-8 to UTF-16 took 3950 msec (200000/100000 units/units) (5368 reps) (llvm)
UTF-8 to UTF-16 took 1549 msec (200000/100000 units/units) (5368 reps) (win32-mbtowc)
UTF-8 to UTF-16 took 6409 msec (200000/100000 units/units) (5368 reps) (std::codecvt)
UTF-8 to UTF-16 took 7318 msec (200000/100000 units/units) (5368 reps) (Boost.Text)
UTF-8 to UTF-16 took 2481 msec (200000/100000 units/units) (5368 reps) (hoehrmann)
UTF-8 to UTF-16 took 1495 msec (200000/100000 units/units) (5368 reps) (kewb-basic)
UTF-8 to UTF-16 took 1629 msec (200000/100000 units/units) (5368 reps) (kewb-fast)
UTF-8 to UTF-16 took 2435 msec (200000/100000 units/units) (5368 reps) (kewb-sse)

for file: 'hindi_wiki_in_english.txt'
UTF-8 to UTF-16 took 6800 msec (203337/200687 units/units) (5280 reps) (iconv)
UTF-8 to UTF-16 took 6507 msec (203337/200687 units/units) (5280 reps) (llvm)
UTF-8 to UTF-16 took  569 msec (203337/200687 units/units) (5280 reps) (win32-mbtowc)
UTF-8 to UTF-16 took 10846 msec (203337/200687 units/units) (5280 reps) (std::codecvt)
UTF-8 to UTF-16 took 4085 msec (203337/200687 units/units) (5280 reps) (Boost.Text)
UTF-8 to UTF-16 took 1975 msec (203337/200687 units/units) (5280 reps) (hoehrmann)
UTF-8 to UTF-16 took 1615 msec (203337/200687 units/units) (5280 reps) (kewb-basic)
UTF-8 to UTF-16 took 1004 msec (203337/200687 units/units) (5280 reps) (kewb-fast)
UTF-8 to UTF-16 took  264 msec (203337/200687 units/units) (5280 reps) (kewb-sse)

for file: 'hindi_wiki_in_russian.txt'
UTF-8 to UTF-16 took 6385 msec (118364/96446 units/units) (9071 reps) (iconv)
UTF-8 to UTF-16 took 6164 msec (118364/96446 units/units) (9071 reps) (llvm)
UTF-8 to UTF-16 took 1376 msec (118364/96446 units/units) (9071 reps) (win32-mbtowc)
UTF-8 to UTF-16 took 9782 msec (118364/96446 units/units) (9071 reps) (std::codecvt)
UTF-8 to UTF-16 took 7174 msec (118364/96446 units/units) (9071 reps) (Boost.Text)
UTF-8 to UTF-16 took 2634 msec (118364/96446 units/units) (9071 reps) (hoehrmann)
UTF-8 to UTF-16 took 2140 msec (118364/96446 units/units) (9071 reps) (kewb-basic)
UTF-8 to UTF-16 took 1731 msec (118364/96446 units/units) (9071 reps) (kewb-fast)
UTF-8 to UTF-16 took 1225 msec (118364/96446 units/units) (9071 reps) (kewb-sse)

for file: 'kermit.txt'
UTF-8 to UTF-16 took 6548 msec (59870/52978 units/units) (17934 reps) (iconv)
UTF-8 to UTF-16 took 6290 msec (59870/52978 units/units) (17934 reps) (llvm)
UTF-8 to UTF-16 took 1117 msec (59870/52978 units/units) (17934 reps) (win32-mbtowc)
UTF-8 to UTF-16 took 10591 msec (59870/52978 units/units) (17934 reps) (std::codecvt)
UTF-8 to UTF-16 took 5330 msec (59870/52978 units/units) (17934 reps) (Boost.Text)
UTF-8 to UTF-16 took 2408 msec (59870/52978 units/units) (17934 reps) (hoehrmann)
UTF-8 to UTF-16 took 1916 msec (59870/52978 units/units) (17934 reps) (kewb-basic)
UTF-8 to UTF-16 took 1428 msec (59870/52978 units/units) (17934 reps) (kewb-fast)
UTF-8 to UTF-16 took  766 msec (59870/52978 units/units) (17934 reps) (kewb-sse)

for file: 'z1_kosme.txt'
UTF-8 to UTF-16 took 6808 msec (53/47 units/units) (20259279 reps) (iconv)
UTF-8 to UTF-16 took 6776 msec (53/47 units/units) (20259279 reps) (llvm)
UTF-8 to UTF-16 took 1302 msec (53/47 units/units) (20259279 reps) (win32-mbtowc)
UTF-8 to UTF-16 took 16183 msec (53/47 units/units) (20259279 reps) (std::codecvt)
UTF-8 to UTF-16 took 5782 msec (53/47 units/units) (20259279 reps) (Boost.Text)
UTF-8 to UTF-16 took 2283 msec (53/47 units/units) (20259279 reps) (hoehrmann)
UTF-8 to UTF-16 took 1810 msec (53/47 units/units) (20259279 reps) (kewb-basic)
UTF-8 to UTF-16 took 1360 msec (53/47 units/units) (20259279 reps) (kewb-fast)
UTF-8 to UTF-16 took  595 msec (53/47 units/units) (20259279 reps) (kewb-sse)

for file: 'z1_ascii.txt'
UTF-8 to UTF-16 took 7198 msec (37/37 units/units) (29020049 reps) (iconv)
UTF-8 to UTF-16 took 6710 msec (37/37 units/units) (29020049 reps) (llvm)
UTF-8 to UTF-16 took 1154 msec (37/37 units/units) (29020049 reps) (win32-mbtowc)
UTF-8 to UTF-16 took 20087 msec (37/37 units/units) (29020049 reps) (std::codecvt)
UTF-8 to UTF-16 took 4142 msec (37/37 units/units) (29020049 reps) (Boost.Text)
UTF-8 to UTF-16 took 2545 msec (37/37 units/units) (29020049 reps) (hoehrmann)
UTF-8 to UTF-16 took 2236 msec (37/37 units/units) (29020049 reps) (kewb-basic)
UTF-8 to UTF-16 took 1315 msec (37/37 units/units) (29020049 reps) (kewb-fast)
UTF-8 to UTF-16 took  386 msec (37/37 units/units) (29020049 reps) (kewb-sse)

tabular summary:
file\algo, iconv, llvm, win32-mbtowc, std::codecvt, Boost.Text, Hoehrmann, kewb-basic, kewb-fast, kewb-sse
english_wiki.txt, 6833, 6524, 555, 10499, 4009, 1964, 1602, 981, 227
chinese_wiki.txt, 6099, 5828, 1205, 9252, 5809, 2405, 1904, 1493, 886
hindi_wiki.txt, 5892, 5587, 1534, 9360, 6317, 2654, 2055, 1782, 1260
japanese_wiki.txt, 5391, 5038, 1411, 8222, 6900, 2532, 1856, 1657, 1230
korean_wiki.txt, 6400, 6228, 1440, 9648, 5892, 2675, 2069, 1615, 1031
portuguese_wiki.txt, 6906, 6594, 880, 11281, 4271, 2183, 1792, 1164, 404
russian_wiki.txt, 6385, 6157, 1344, 9880, 7165, 2624, 2113, 1708, 1203
swedish_wiki.txt, 6943, 6608, 901, 11232, 4299, 2225, 1825, 1194, 450
stress_test_0.txt, 6813, 6504, 469, 10642, 3978, 2058, 1571, 931, 141
stress_test_1.txt, 3526, 3222, 1452, 5042, 8804, 2480, 1451, 1760, 1657
stress_test_2.txt, 4271, 3950, 1549, 6409, 7318, 2481, 1495, 1629, 2435
hindi_wiki_in_english.txt, 6800, 6507, 569, 10846, 4085, 1975, 1615, 1004, 264
hindi_wiki_in_russian.txt, 6385, 6164, 1376, 9782, 7174, 2634, 2140, 1731, 1225
kermit.txt, 6548, 6290, 1117, 10591, 5330, 2408, 1916, 1428, 766
z1_kosme.txt, 6808, 6776, 1302, 16183, 5782, 2283, 1810, 1360, 595
z1_ascii.txt, 7198, 6710, 1154, 20087, 4142, 2545, 2236, 1315, 386

