******  UTF-8 to UTF-32 Conversion  ******

for file: 'english_wiki.txt'
UTF-8 to UTF-32 took 7109 msec (360275/358131 units/points) (2980 reps) (iconv)
UTF-8 to UTF-32 took 6503 msec (360275/358131 units/points) (2980 reps) (llvm)
UTF-8 to UTF-32 took 7108 msec (360275/358131 units/points) (2980 reps) (av)
UTF-8 to UTF-32 took 8773 msec (360275/358131 units/points) (2980 reps) (std::codecvt)
UTF-8 to UTF-32 took 2275 msec (360275/358131 units/points) (2980 reps) (Boost.Text)
UTF-8 to UTF-32 took 1943 msec (360275/358131 units/points) (2980 reps) (hoehrmann)
UTF-8 to UTF-32 took 1290 msec (360275/358131 units/points) (2980 reps) (kewb-basic)
UTF-8 to UTF-32 took  989 msec (360275/358131 units/points) (2980 reps) (kewb-fast)
UTF-8 to UTF-32 took  363 msec (360275/358131 units/points) (2980 reps) (kewb-sse)

for file: 'chinese_wiki.txt'
UTF-8 to UTF-32 took 6366 msec (192042/151759 units/points) (5591 reps) (iconv)
UTF-8 to UTF-32 took 5734 msec (192042/151759 units/points) (5591 reps) (llvm)
UTF-8 to UTF-32 took 6242 msec (192042/151759 units/points) (5591 reps) (av)
UTF-8 to UTF-32 took 6643 msec (192042/151759 units/points) (5591 reps) (std::codecvt)
UTF-8 to UTF-32 took 4500 msec (192042/151759 units/points) (5591 reps) (Boost.Text)
UTF-8 to UTF-32 took 2248 msec (192042/151759 units/points) (5591 reps) (hoehrmann)
UTF-8 to UTF-32 took 1635 msec (192042/151759 units/points) (5591 reps) (kewb-basic)
UTF-8 to UTF-32 took 1445 msec (192042/151759 units/points) (5591 reps) (kewb-fast)
UTF-8 to UTF-32 took  877 msec (192042/151759 units/points) (5591 reps) (kewb-sse)

for file: 'hindi_wiki.txt'
UTF-8 to UTF-32 took 6118 msec (156575/112386 units/points) (6857 reps) (iconv)
UTF-8 to UTF-32 took 5481 msec (156575/112386 units/points) (6857 reps) (llvm)
UTF-8 to UTF-32 took 6019 msec (156575/112386 units/points) (6857 reps) (av)
UTF-8 to UTF-32 took 6301 msec (156575/112386 units/points) (6857 reps) (std::codecvt)
UTF-8 to UTF-32 took 5102 msec (156575/112386 units/points) (6857 reps) (Boost.Text)
UTF-8 to UTF-32 took 2462 msec (156575/112386 units/points) (6857 reps) (hoehrmann)
UTF-8 to UTF-32 took 1867 msec (156575/112386 units/points) (6857 reps) (kewb-basic)
UTF-8 to UTF-32 took 1705 msec (156575/112386 units/points) (6857 reps) (kewb-fast)
UTF-8 to UTF-32 took 1238 msec (156575/112386 units/points) (6857 reps) (kewb-sse)

for file: 'japanese_wiki.txt'
UTF-8 to UTF-32 took 5529 msec (454575/291145 units/points) (2362 reps) (iconv)
UTF-8 to UTF-32 took 4965 msec (454575/291145 units/points) (2362 reps) (llvm)
UTF-8 to UTF-32 took 5415 msec (454575/291145 units/points) (2362 reps) (av)
UTF-8 to UTF-32 took 5987 msec (454575/291145 units/points) (2362 reps) (std::codecvt)
UTF-8 to UTF-32 took 5817 msec (454575/291145 units/points) (2362 reps) (Boost.Text)
UTF-8 to UTF-32 took 2274 msec (454575/291145 units/points) (2362 reps) (hoehrmann)
UTF-8 to UTF-32 took 1694 msec (454575/291145 units/points) (2362 reps) (kewb-basic)
UTF-8 to UTF-32 took 1579 msec (454575/291145 units/points) (2362 reps) (kewb-fast)
UTF-8 to UTF-32 took 1186 msec (454575/291145 units/points) (2362 reps) (kewb-sse)

for file: 'korean_wiki.txt'
UTF-8 to UTF-32 took 6643 msec (124492/101142 units/points) (8624 reps) (iconv)
UTF-8 to UTF-32 took 6178 msec (124492/101142 units/points) (8624 reps) (llvm)
UTF-8 to UTF-32 took 6541 msec (124492/101142 units/points) (8624 reps) (av)
UTF-8 to UTF-32 took 6976 msec (124492/101142 units/points) (8624 reps) (std::codecvt)
UTF-8 to UTF-32 took 4566 msec (124492/101142 units/points) (8624 reps) (Boost.Text)
UTF-8 to UTF-32 took 2463 msec (124492/101142 units/points) (8624 reps) (hoehrmann)
UTF-8 to UTF-32 took 1825 msec (124492/101142 units/points) (8624 reps) (kewb-basic)
UTF-8 to UTF-32 took 1594 msec (124492/101142 units/points) (8624 reps) (kewb-fast)
UTF-8 to UTF-32 took 1051 msec (124492/101142 units/points) (8624 reps) (kewb-sse)

for file: 'portuguese_wiki.txt'
UTF-8 to UTF-32 took 7157 msec (180277/176499 units/points) (5956 reps) (iconv)
UTF-8 to UTF-32 took 6577 msec (180277/176499 units/points) (5956 reps) (llvm)
UTF-8 to UTF-32 took 7141 msec (180277/176499 units/points) (5956 reps) (av)
UTF-8 to UTF-32 took 7080 msec (180277/176499 units/points) (5956 reps) (std::codecvt)
UTF-8 to UTF-32 took 2674 msec (180277/176499 units/points) (5956 reps) (Boost.Text)
UTF-8 to UTF-32 took 2119 msec (180277/176499 units/points) (5956 reps) (hoehrmann)
UTF-8 to UTF-32 took 1465 msec (180277/176499 units/points) (5956 reps) (kewb-basic)
UTF-8 to UTF-32 took 1219 msec (180277/176499 units/points) (5956 reps) (kewb-fast)
UTF-8 to UTF-32 took  462 msec (180277/176499 units/points) (5956 reps) (kewb-sse)

for file: 'russian_wiki.txt'
UTF-8 to UTF-32 took 6661 msec (650206/530393 units/points) (1651 reps) (iconv)
UTF-8 to UTF-32 took 6136 msec (650206/530393 units/points) (1651 reps) (llvm)
UTF-8 to UTF-32 took 6510 msec (650206/530393 units/points) (1651 reps) (av)
UTF-8 to UTF-32 took 8892 msec (650206/530393 units/points) (1651 reps) (std::codecvt)
UTF-8 to UTF-32 took 5861 msec (650206/530393 units/points) (1651 reps) (Boost.Text)
UTF-8 to UTF-32 took 2491 msec (650206/530393 units/points) (1651 reps) (hoehrmann)
UTF-8 to UTF-32 took 1836 msec (650206/530393 units/points) (1651 reps) (kewb-basic)
UTF-8 to UTF-32 took 1662 msec (650206/530393 units/points) (1651 reps) (kewb-fast)
UTF-8 to UTF-32 took 1136 msec (650206/530393 units/points) (1651 reps) (kewb-sse)

for file: 'swedish_wiki.txt'
UTF-8 to UTF-32 took 7189 msec (118876/116176 units/points) (9032 reps) (iconv)
UTF-8 to UTF-32 took 6607 msec (118876/116176 units/points) (9032 reps) (llvm)
UTF-8 to UTF-32 took 7165 msec (118876/116176 units/points) (9032 reps) (av)
UTF-8 to UTF-32 took 7168 msec (118876/116176 units/points) (9032 reps) (std::codecvt)
UTF-8 to UTF-32 took 2741 msec (118876/116176 units/points) (9032 reps) (Boost.Text)
UTF-8 to UTF-32 took 2155 msec (118876/116176 units/points) (9032 reps) (hoehrmann)
UTF-8 to UTF-32 took 1504 msec (118876/116176 units/points) (9032 reps) (kewb-basic)
UTF-8 to UTF-32 took 1259 msec (118876/116176 units/points) (9032 reps) (kewb-fast)
UTF-8 to UTF-32 took  503 msec (118876/116176 units/points) (9032 reps) (kewb-sse)

for file: 'stress_test_0.txt'
UTF-8 to UTF-32 took 7185 msec (100000/100000 units/points) (10737 reps) (iconv)
UTF-8 to UTF-32 took 6527 msec (100000/100000 units/points) (10737 reps) (llvm)
UTF-8 to UTF-32 took 7163 msec (100000/100000 units/points) (10737 reps) (av)
UTF-8 to UTF-32 took 7389 msec (100000/100000 units/points) (10737 reps) (std::codecvt)
UTF-8 to UTF-32 took 2166 msec (100000/100000 units/points) (10737 reps) (Boost.Text)
UTF-8 to UTF-32 took 1919 msec (100000/100000 units/points) (10737 reps) (hoehrmann)
UTF-8 to UTF-32 took 1275 msec (100000/100000 units/points) (10737 reps) (kewb-basic)
UTF-8 to UTF-32 took  932 msec (100000/100000 units/points) (10737 reps) (kewb-fast)
UTF-8 to UTF-32 took  351 msec (100000/100000 units/points) (10737 reps) (kewb-sse)

for file: 'stress_test_1.txt'
UTF-8 to UTF-32 took 3627 msec (300000/100000 units/points) (3579 reps) (iconv)
UTF-8 to UTF-32 took 3129 msec (300000/100000 units/points) (3579 reps) (llvm)
UTF-8 to UTF-32 took 3540 msec (300000/100000 units/points) (3579 reps) (av)
UTF-8 to UTF-32 took 3902 msec (300000/100000 units/points) (3579 reps) (std::codecvt)
UTF-8 to UTF-32 took 8316 msec (300000/100000 units/points) (3579 reps) (Boost.Text)
UTF-8 to UTF-32 took 1974 msec (300000/100000 units/points) (3579 reps) (hoehrmann)
UTF-8 to UTF-32 took 1449 msec (300000/100000 units/points) (3579 reps) (kewb-basic)
UTF-8 to UTF-32 took 1552 msec (300000/100000 units/points) (3579 reps) (kewb-fast)
UTF-8 to UTF-32 took 1562 msec (300000/100000 units/points) (3579 reps) (kewb-sse)

for file: 'stress_test_2.txt'
UTF-8 to UTF-32 took 4501 msec (200000/100000 units/points) (5368 reps) (iconv)
UTF-8 to UTF-32 took 3795 msec (200000/100000 units/points) (5368 reps) (llvm)
UTF-8 to UTF-32 took 4413 msec (200000/100000 units/points) (5368 reps) (av)
UTF-8 to UTF-32 took 4825 msec (200000/100000 units/points) (5368 reps) (std::codecvt)
UTF-8 to UTF-32 took 6532 msec (200000/100000 units/points) (5368 reps) (Boost.Text)
UTF-8 to UTF-32 took 1985 msec (200000/100000 units/points) (5368 reps) (hoehrmann)
UTF-8 to UTF-32 took 1403 msec (200000/100000 units/points) (5368 reps) (kewb-basic)
UTF-8 to UTF-32 took 1410 msec (200000/100000 units/points) (5368 reps) (kewb-fast)
UTF-8 to UTF-32 took 2137 msec (200000/100000 units/points) (5368 reps) (kewb-sse)

for file: 'hindi_wiki_in_english.txt'
UTF-8 to UTF-32 took 7108 msec (203337/200687 units/points) (5280 reps) (iconv)
UTF-8 to UTF-32 took 6510 msec (203337/200687 units/points) (5280 reps) (llvm)
UTF-8 to UTF-32 took 7097 msec (203337/200687 units/points) (5280 reps) (av)
UTF-8 to UTF-32 took 6693 msec (203337/200687 units/points) (5280 reps) (std::codecvt)
UTF-8 to UTF-32 took 2368 msec (203337/200687 units/points) (5280 reps) (Boost.Text)
UTF-8 to UTF-32 took 1968 msec (203337/200687 units/points) (5280 reps) (hoehrmann)
UTF-8 to UTF-32 took 1339 msec (203337/200687 units/points) (5280 reps) (kewb-basic)
UTF-8 to UTF-32 took 1016 msec (203337/200687 units/points) (5280 reps) (kewb-fast)
UTF-8 to UTF-32 took  401 msec (203337/200687 units/points) (5280 reps) (kewb-sse)

for file: 'hindi_wiki_in_russian.txt'
UTF-8 to UTF-32 took 6644 msec (118364/96446 units/points) (9071 reps) (iconv)
UTF-8 to UTF-32 took 6144 msec (118364/96446 units/points) (9071 reps) (llvm)
UTF-8 to UTF-32 took 6527 msec (118364/96446 units/points) (9071 reps) (av)
UTF-8 to UTF-32 took 7162 msec (118364/96446 units/points) (9071 reps) (std::codecvt)
UTF-8 to UTF-32 took 5853 msec (118364/96446 units/points) (9071 reps) (Boost.Text)
UTF-8 to UTF-32 took 2484 msec (118364/96446 units/points) (9071 reps) (hoehrmann)
UTF-8 to UTF-32 took 1857 msec (118364/96446 units/points) (9071 reps) (kewb-basic)
UTF-8 to UTF-32 took 1690 msec (118364/96446 units/points) (9071 reps) (kewb-fast)
UTF-8 to UTF-32 took 1168 msec (118364/96446 units/points) (9071 reps) (kewb-sse)

for file: 'kermit.txt'
UTF-8 to UTF-32 took 6830 msec (59870/52946 units/points) (17934 reps) (iconv)
UTF-8 to UTF-32 took 6298 msec (59870/52946 units/points) (17934 reps) (llvm)
UTF-8 to UTF-32 took 6779 msec (59870/52946 units/points) (17934 reps) (av)
UTF-8 to UTF-32 took 6858 msec (59870/52946 units/points) (17934 reps) (std::codecvt)
UTF-8 to UTF-32 took 3889 msec (59870/52946 units/points) (17934 reps) (Boost.Text)
UTF-8 to UTF-32 took 2290 msec (59870/52946 units/points) (17934 reps) (hoehrmann)
UTF-8 to UTF-32 took 1642 msec (59870/52946 units/points) (17934 reps) (kewb-basic)
UTF-8 to UTF-32 took 1421 msec (59870/52946 units/points) (17934 reps) (kewb-fast)
UTF-8 to UTF-32 took  777 msec (59870/52946 units/points) (17934 reps) (kewb-sse)

for file: 'z1_kosme.txt'
UTF-8 to UTF-32 took 7064 msec (53/47 units/points) (20259279 reps) (iconv)
UTF-8 to UTF-32 took 6765 msec (53/47 units/points) (20259279 reps) (llvm)
UTF-8 to UTF-32 took 6882 msec (53/47 units/points) (20259279 reps) (av)
UTF-8 to UTF-32 took 14784 msec (53/47 units/points) (20259279 reps) (std::codecvt)
UTF-8 to UTF-32 took 4263 msec (53/47 units/points) (20259279 reps) (Boost.Text)
UTF-8 to UTF-32 took 2126 msec (53/47 units/points) (20259279 reps) (hoehrmann)
UTF-8 to UTF-32 took 1514 msec (53/47 units/points) (20259279 reps) (kewb-basic)
UTF-8 to UTF-32 took 1323 msec (53/47 units/points) (20259279 reps) (kewb-fast)
UTF-8 to UTF-32 took  560 msec (53/47 units/points) (20259279 reps) (kewb-sse)

for file: 'z1_ascii.txt'
UTF-8 to UTF-32 took 7465 msec (37/37 units/points) (29020049 reps) (iconv)
UTF-8 to UTF-32 took 6760 msec (37/37 units/points) (29020049 reps) (llvm)
UTF-8 to UTF-32 took 7240 msec (37/37 units/points) (29020049 reps) (av)
UTF-8 to UTF-32 took 16108 msec (37/37 units/points) (29020049 reps) (std::codecvt)
UTF-8 to UTF-32 took 3124 msec (37/37 units/points) (29020049 reps) (Boost.Text)
UTF-8 to UTF-32 took 1955 msec (37/37 units/points) (29020049 reps) (hoehrmann)
UTF-8 to UTF-32 took 1616 msec (37/37 units/points) (29020049 reps) (kewb-basic)
UTF-8 to UTF-32 took 1908 msec (37/37 units/points) (29020049 reps) (kewb-fast)
UTF-8 to UTF-32 took  376 msec (37/37 units/points) (29020049 reps) (kewb-sse)

tabular summary:
file\algo, iconv, llvm, av, std::codecvt, Boost.Text, Hoehrmann, kewb-basic, kewb-fast, kewb-sse
english_wiki.txt, 7109, 6503, 7108, 8773, 2275, 1943, 1290, 989, 363
chinese_wiki.txt, 6366, 5734, 6242, 6643, 4500, 2248, 1635, 1445, 877
hindi_wiki.txt, 6118, 5481, 6019, 6301, 5102, 2462, 1867, 1705, 1238
japanese_wiki.txt, 5529, 4965, 5415, 5987, 5817, 2274, 1694, 1579, 1186
korean_wiki.txt, 6643, 6178, 6541, 6976, 4566, 2463, 1825, 1594, 1051
portuguese_wiki.txt, 7157, 6577, 7141, 7080, 2674, 2119, 1465, 1219, 462
russian_wiki.txt, 6661, 6136, 6510, 8892, 5861, 2491, 1836, 1662, 1136
swedish_wiki.txt, 7189, 6607, 7165, 7168, 2741, 2155, 1504, 1259, 503
stress_test_0.txt, 7185, 6527, 7163, 7389, 2166, 1919, 1275, 932, 351
stress_test_1.txt, 3627, 3129, 3540, 3902, 8316, 1974, 1449, 1552, 1562
stress_test_2.txt, 4501, 3795, 4413, 4825, 6532, 1985, 1403, 1410, 2137
hindi_wiki_in_english.txt, 7108, 6510, 7097, 6693, 2368, 1968, 1339, 1016, 401
hindi_wiki_in_russian.txt, 6644, 6144, 6527, 7162, 5853, 2484, 1857, 1690, 1168
kermit.txt, 6830, 6298, 6779, 6858, 3889, 2290, 1642, 1421, 777
z1_kosme.txt, 7064, 6765, 6882, 14784, 4263, 2126, 1514, 1323, 560
z1_ascii.txt, 7465, 6760, 7240, 16108, 3124, 1955, 1616, 1908, 376


******  UTF-8 to UTF-16 Conversion  ******

for file: 'english_wiki.txt'
UTF-8 to UTF-16 took 6852 msec (360275/358137 units/units) (2980 reps) (iconv)
UTF-8 to UTF-16 took 6523 msec (360275/358137 units/units) (2980 reps) (llvm)
UTF-8 to UTF-16 took 10303 msec (360275/358137 units/units) (2980 reps) (std::codecvt)
UTF-8 to UTF-16 took 4009 msec (360275/358137 units/units) (2980 reps) (Boost.Text)
UTF-8 to UTF-16 took 1960 msec (360275/358137 units/units) (2980 reps) (hoehrmann)
UTF-8 to UTF-16 took  558 msec (360275/358137 units/units) (2980 reps) (win32-mbtowc)
UTF-8 to UTF-16 took 1604 msec (360275/358137 units/units) (2980 reps) (kewb-basic)
UTF-8 to UTF-16 took 1018 msec (360275/358137 units/units) (2980 reps) (kewb-fast)
UTF-8 to UTF-16 took  245 msec (360275/358137 units/units) (2980 reps) (kewb-sse)

for file: 'chinese_wiki.txt'
UTF-8 to UTF-16 took 6077 msec (192042/151766 units/units) (5591 reps) (iconv)
UTF-8 to UTF-16 took 5802 msec (192042/151766 units/units) (5591 reps) (llvm)
UTF-8 to UTF-16 took 9136 msec (192042/151766 units/units) (5591 reps) (std::codecvt)
UTF-8 to UTF-16 took 5841 msec (192042/151766 units/units) (5591 reps) (Boost.Text)
UTF-8 to UTF-16 took 2411 msec (192042/151766 units/units) (5591 reps) (hoehrmann)
UTF-8 to UTF-16 took 1205 msec (192042/151766 units/units) (5591 reps) (win32-mbtowc)
UTF-8 to UTF-16 took 1909 msec (192042/151766 units/units) (5591 reps) (kewb-basic)
UTF-8 to UTF-16 took 1533 msec (192042/151766 units/units) (5591 reps) (kewb-fast)
UTF-8 to UTF-16 took  887 msec (192042/151766 units/units) (5591 reps) (kewb-sse)

for file: 'hindi_wiki.txt'
UTF-8 to UTF-16 took 5884 msec (156575/112386 units/units) (6857 reps) (iconv)
UTF-8 to UTF-16 took 5585 msec (156575/112386 units/units) (6857 reps) (llvm)
UTF-8 to UTF-16 took 9421 msec (156575/112386 units/units) (6857 reps) (std::codecvt)
UTF-8 to UTF-16 took 6261 msec (156575/112386 units/units) (6857 reps) (Boost.Text)
UTF-8 to UTF-16 took 2669 msec (156575/112386 units/units) (6857 reps) (hoehrmann)
UTF-8 to UTF-16 took 1532 msec (156575/112386 units/units) (6857 reps) (win32-mbtowc)
UTF-8 to UTF-16 took 2054 msec (156575/112386 units/units) (6857 reps) (kewb-basic)
UTF-8 to UTF-16 took 1717 msec (156575/112386 units/units) (6857 reps) (kewb-fast)
UTF-8 to UTF-16 took 1260 msec (156575/112386 units/units) (6857 reps) (kewb-sse)

for file: 'japanese_wiki.txt'
UTF-8 to UTF-16 took 5303 msec (454575/291146 units/units) (2362 reps) (iconv)
UTF-8 to UTF-16 took 5037 msec (454575/291146 units/units) (2362 reps) (llvm)
UTF-8 to UTF-16 took 8102 msec (454575/291146 units/units) (2362 reps) (std::codecvt)
UTF-8 to UTF-16 took 6879 msec (454575/291146 units/units) (2362 reps) (Boost.Text)
UTF-8 to UTF-16 took 2530 msec (454575/291146 units/units) (2362 reps) (hoehrmann)
UTF-8 to UTF-16 took 1412 msec (454575/291146 units/units) (2362 reps) (win32-mbtowc)
UTF-8 to UTF-16 took 1849 msec (454575/291146 units/units) (2362 reps) (kewb-basic)
UTF-8 to UTF-16 took 1647 msec (454575/291146 units/units) (2362 reps) (kewb-fast)
UTF-8 to UTF-16 took 1243 msec (454575/291146 units/units) (2362 reps) (kewb-sse)

for file: 'korean_wiki.txt'
UTF-8 to UTF-16 took 6375 msec (124492/101142 units/units) (8624 reps) (iconv)
UTF-8 to UTF-16 took 6203 msec (124492/101142 units/units) (8624 reps) (llvm)
UTF-8 to UTF-16 took 9489 msec (124492/101142 units/units) (8624 reps) (std::codecvt)
UTF-8 to UTF-16 took 5884 msec (124492/101142 units/units) (8624 reps) (Boost.Text)
UTF-8 to UTF-16 took 2618 msec (124492/101142 units/units) (8624 reps) (hoehrmann)
UTF-8 to UTF-16 took 1439 msec (124492/101142 units/units) (8624 reps) (win32-mbtowc)
UTF-8 to UTF-16 took 2066 msec (124492/101142 units/units) (8624 reps) (kewb-basic)
UTF-8 to UTF-16 took 1617 msec (124492/101142 units/units) (8624 reps) (kewb-fast)
UTF-8 to UTF-16 took 1031 msec (124492/101142 units/units) (8624 reps) (kewb-sse)

for file: 'portuguese_wiki.txt'
UTF-8 to UTF-16 took 6865 msec (180277/176500 units/units) (5956 reps) (iconv)
UTF-8 to UTF-16 took 6597 msec (180277/176500 units/units) (5956 reps) (llvm)
UTF-8 to UTF-16 took 10907 msec (180277/176500 units/units) (5956 reps) (std::codecvt)
UTF-8 to UTF-16 took 4266 msec (180277/176500 units/units) (5956 reps) (Boost.Text)
UTF-8 to UTF-16 took 2190 msec (180277/176500 units/units) (5956 reps) (hoehrmann)
UTF-8 to UTF-16 took  834 msec (180277/176500 units/units) (5956 reps) (win32-mbtowc)
UTF-8 to UTF-16 took 1800 msec (180277/176500 units/units) (5956 reps) (kewb-basic)
UTF-8 to UTF-16 took 1166 msec (180277/176500 units/units) (5956 reps) (kewb-fast)
UTF-8 to UTF-16 took  406 msec (180277/176500 units/units) (5956 reps) (kewb-sse)

for file: 'russian_wiki.txt'
UTF-8 to UTF-16 took 6400 msec (650206/530393 units/units) (1651 reps) (iconv)
UTF-8 to UTF-16 took 6169 msec (650206/530393 units/units) (1651 reps) (llvm)
UTF-8 to UTF-16 took 9799 msec (650206/530393 units/units) (1651 reps) (std::codecvt)
UTF-8 to UTF-16 took 7215 msec (650206/530393 units/units) (1651 reps) (Boost.Text)
UTF-8 to UTF-16 took 2648 msec (650206/530393 units/units) (1651 reps) (hoehrmann)
UTF-8 to UTF-16 took 1352 msec (650206/530393 units/units) (1651 reps) (win32-mbtowc)
UTF-8 to UTF-16 took 2124 msec (650206/530393 units/units) (1651 reps) (kewb-basic)
UTF-8 to UTF-16 took 1704 msec (650206/530393 units/units) (1651 reps) (kewb-fast)
UTF-8 to UTF-16 took 1198 msec (650206/530393 units/units) (1651 reps) (kewb-sse)

for file: 'swedish_wiki.txt'
UTF-8 to UTF-16 took 6882 msec (118876/116176 units/units) (9032 reps) (iconv)
UTF-8 to UTF-16 took 6611 msec (118876/116176 units/units) (9032 reps) (llvm)
UTF-8 to UTF-16 took 11000 msec (118876/116176 units/units) (9032 reps) (std::codecvt)
UTF-8 to UTF-16 took 4313 msec (118876/116176 units/units) (9032 reps) (Boost.Text)
UTF-8 to UTF-16 took 2231 msec (118876/116176 units/units) (9032 reps) (hoehrmann)
UTF-8 to UTF-16 took  901 msec (118876/116176 units/units) (9032 reps) (win32-mbtowc)
UTF-8 to UTF-16 took 1825 msec (118876/116176 units/units) (9032 reps) (kewb-basic)
UTF-8 to UTF-16 took 1196 msec (118876/116176 units/units) (9032 reps) (kewb-fast)
UTF-8 to UTF-16 took  450 msec (118876/116176 units/units) (9032 reps) (kewb-sse)

for file: 'stress_test_0.txt'
UTF-8 to UTF-16 took 6815 msec (100000/100000 units/units) (10737 reps) (iconv)
UTF-8 to UTF-16 took 6499 msec (100000/100000 units/units) (10737 reps) (llvm)
UTF-8 to UTF-16 took 10400 msec (100000/100000 units/units) (10737 reps) (std::codecvt)
UTF-8 to UTF-16 took 3945 msec (100000/100000 units/units) (10737 reps) (Boost.Text)
UTF-8 to UTF-16 took 1908 msec (100000/100000 units/units) (10737 reps) (hoehrmann)
UTF-8 to UTF-16 took  472 msec (100000/100000 units/units) (10737 reps) (win32-mbtowc)
UTF-8 to UTF-16 took 1551 msec (100000/100000 units/units) (10737 reps) (kewb-basic)
UTF-8 to UTF-16 took  929 msec (100000/100000 units/units) (10737 reps) (kewb-fast)
UTF-8 to UTF-16 took  134 msec (100000/100000 units/units) (10737 reps) (kewb-sse)

for file: 'stress_test_1.txt'
UTF-8 to UTF-16 took 3509 msec (300000/100000 units/units) (3579 reps) (iconv)
UTF-8 to UTF-16 took 3199 msec (300000/100000 units/units) (3579 reps) (llvm)
UTF-8 to UTF-16 took 4935 msec (300000/100000 units/units) (3579 reps) (std::codecvt)
UTF-8 to UTF-16 took 8805 msec (300000/100000 units/units) (3579 reps) (Boost.Text)
UTF-8 to UTF-16 took 2480 msec (300000/100000 units/units) (3579 reps) (hoehrmann)
UTF-8 to UTF-16 took 1451 msec (300000/100000 units/units) (3579 reps) (win32-mbtowc)
UTF-8 to UTF-16 took 1464 msec (300000/100000 units/units) (3579 reps) (kewb-basic)
UTF-8 to UTF-16 took 1774 msec (300000/100000 units/units) (3579 reps) (kewb-fast)
UTF-8 to UTF-16 took 1667 msec (300000/100000 units/units) (3579 reps) (kewb-sse)

for file: 'stress_test_2.txt'
UTF-8 to UTF-16 took 4277 msec (200000/100000 units/units) (5368 reps) (iconv)
UTF-8 to UTF-16 took 3958 msec (200000/100000 units/units) (5368 reps) (llvm)
UTF-8 to UTF-16 took 6109 msec (200000/100000 units/units) (5368 reps) (std::codecvt)
UTF-8 to UTF-16 took 7308 msec (200000/100000 units/units) (5368 reps) (Boost.Text)
UTF-8 to UTF-16 took 2480 msec (200000/100000 units/units) (5368 reps) (hoehrmann)
UTF-8 to UTF-16 took 1553 msec (200000/100000 units/units) (5368 reps) (win32-mbtowc)
UTF-8 to UTF-16 took 1503 msec (200000/100000 units/units) (5368 reps) (kewb-basic)
UTF-8 to UTF-16 took 1632 msec (200000/100000 units/units) (5368 reps) (kewb-fast)
UTF-8 to UTF-16 took 2145 msec (200000/100000 units/units) (5368 reps) (kewb-sse)

for file: 'hindi_wiki_in_english.txt'
UTF-8 to UTF-16 took 6804 msec (203337/200687 units/units) (5280 reps) (iconv)
UTF-8 to UTF-16 took 6496 msec (203337/200687 units/units) (5280 reps) (llvm)
UTF-8 to UTF-16 took 10569 msec (203337/200687 units/units) (5280 reps) (std::codecvt)
UTF-8 to UTF-16 took 4085 msec (203337/200687 units/units) (5280 reps) (Boost.Text)
UTF-8 to UTF-16 took 1972 msec (203337/200687 units/units) (5280 reps) (hoehrmann)
UTF-8 to UTF-16 took  568 msec (203337/200687 units/units) (5280 reps) (win32-mbtowc)
UTF-8 to UTF-16 took 1613 msec (203337/200687 units/units) (5280 reps) (kewb-basic)
UTF-8 to UTF-16 took 1002 msec (203337/200687 units/units) (5280 reps) (kewb-fast)
UTF-8 to UTF-16 took  266 msec (203337/200687 units/units) (5280 reps) (kewb-sse)

for file: 'hindi_wiki_in_russian.txt'
UTF-8 to UTF-16 took 6339 msec (118364/96446 units/units) (9071 reps) (iconv)
UTF-8 to UTF-16 took 6147 msec (118364/96446 units/units) (9071 reps) (llvm)
UTF-8 to UTF-16 took 9607 msec (118364/96446 units/units) (9071 reps) (std::codecvt)
UTF-8 to UTF-16 took 7183 msec (118364/96446 units/units) (9071 reps) (Boost.Text)
UTF-8 to UTF-16 took 2631 msec (118364/96446 units/units) (9071 reps) (hoehrmann)
UTF-8 to UTF-16 took 1371 msec (118364/96446 units/units) (9071 reps) (win32-mbtowc)
UTF-8 to UTF-16 took 2136 msec (118364/96446 units/units) (9071 reps) (kewb-basic)
UTF-8 to UTF-16 took 1731 msec (118364/96446 units/units) (9071 reps) (kewb-fast)
UTF-8 to UTF-16 took 1225 msec (118364/96446 units/units) (9071 reps) (kewb-sse)

for file: 'kermit.txt'
UTF-8 to UTF-16 took 6534 msec (59870/52978 units/units) (17934 reps) (iconv)
UTF-8 to UTF-16 took 6297 msec (59870/52978 units/units) (17934 reps) (llvm)
UTF-8 to UTF-16 took 10333 msec (59870/52978 units/units) (17934 reps) (std::codecvt)
UTF-8 to UTF-16 took 5341 msec (59870/52978 units/units) (17934 reps) (Boost.Text)
UTF-8 to UTF-16 took 2408 msec (59870/52978 units/units) (17934 reps) (hoehrmann)
UTF-8 to UTF-16 took 1120 msec (59870/52978 units/units) (17934 reps) (win32-mbtowc)
UTF-8 to UTF-16 took 1916 msec (59870/52978 units/units) (17934 reps) (kewb-basic)
UTF-8 to UTF-16 took 1431 msec (59870/52978 units/units) (17934 reps) (kewb-fast)
UTF-8 to UTF-16 took  767 msec (59870/52978 units/units) (17934 reps) (kewb-sse)

for file: 'z1_kosme.txt'
UTF-8 to UTF-16 took 6808 msec (53/47 units/units) (20259279 reps) (iconv)
UTF-8 to UTF-16 took 6780 msec (53/47 units/units) (20259279 reps) (llvm)
UTF-8 to UTF-16 took 15943 msec (53/47 units/units) (20259279 reps) (std::codecvt)
UTF-8 to UTF-16 took 5808 msec (53/47 units/units) (20259279 reps) (Boost.Text)
UTF-8 to UTF-16 took 2298 msec (53/47 units/units) (20259279 reps) (hoehrmann)
UTF-8 to UTF-16 took 1328 msec (53/47 units/units) (20259279 reps) (win32-mbtowc)
UTF-8 to UTF-16 took 1840 msec (53/47 units/units) (20259279 reps) (kewb-basic)
UTF-8 to UTF-16 took 1360 msec (53/47 units/units) (20259279 reps) (kewb-fast)
UTF-8 to UTF-16 took  596 msec (53/47 units/units) (20259279 reps) (kewb-sse)

for file: 'z1_ascii.txt'
UTF-8 to UTF-16 took 7198 msec (37/37 units/units) (29020049 reps) (iconv)
UTF-8 to UTF-16 took 6712 msec (37/37 units/units) (29020049 reps) (llvm)
UTF-8 to UTF-16 took 19619 msec (37/37 units/units) (29020049 reps) (std::codecvt)
UTF-8 to UTF-16 took 4136 msec (37/37 units/units) (29020049 reps) (Boost.Text)
UTF-8 to UTF-16 took 2545 msec (37/37 units/units) (29020049 reps) (hoehrmann)
UTF-8 to UTF-16 took 1156 msec (37/37 units/units) (29020049 reps) (win32-mbtowc)
UTF-8 to UTF-16 took 2247 msec (37/37 units/units) (29020049 reps) (kewb-basic)
UTF-8 to UTF-16 took 1322 msec (37/37 units/units) (29020049 reps) (kewb-fast)
UTF-8 to UTF-16 took  387 msec (37/37 units/units) (29020049 reps) (kewb-sse)

tabular summary:
file\algo, iconv, llvm, std::codecvt, Boost.Text, Hoehrmann, win32-mbtowc, kewb-basic, kewb-fast, kewb-sse
english_wiki.txt, 6852, 6523, 10303, 4009, 1960, 558, 1604, 1018, 245
chinese_wiki.txt, 6077, 5802, 9136, 5841, 2411, 1205, 1909, 1533, 887
hindi_wiki.txt, 5884, 5585, 9421, 6261, 2669, 1532, 2054, 1717, 1260
japanese_wiki.txt, 5303, 5037, 8102, 6879, 2530, 1412, 1849, 1647, 1243
korean_wiki.txt, 6375, 6203, 9489, 5884, 2618, 1439, 2066, 1617, 1031
portuguese_wiki.txt, 6865, 6597, 10907, 4266, 2190, 834, 1800, 1166, 406
russian_wiki.txt, 6400, 6169, 9799, 7215, 2648, 1352, 2124, 1704, 1198
swedish_wiki.txt, 6882, 6611, 11000, 4313, 2231, 901, 1825, 1196, 450
stress_test_0.txt, 6815, 6499, 10400, 3945, 1908, 472, 1551, 929, 134
stress_test_1.txt, 3509, 3199, 4935, 8805, 2480, 1451, 1464, 1774, 1667
stress_test_2.txt, 4277, 3958, 6109, 7308, 2480, 1553, 1503, 1632, 2145
hindi_wiki_in_english.txt, 6804, 6496, 10569, 4085, 1972, 568, 1613, 1002, 266
hindi_wiki_in_russian.txt, 6339, 6147, 9607, 7183, 2631, 1371, 2136, 1731, 1225
kermit.txt, 6534, 6297, 10333, 5341, 2408, 1120, 1916, 1431, 767
z1_kosme.txt, 6808, 6780, 15943, 5808, 2298, 1328, 1840, 1360, 596
z1_ascii.txt, 7198, 6712, 19619, 4136, 2545, 1156, 2247, 1322, 387

